{"C:\\Users\\Saifaldin\\Desktop\\gamers-den\\backend\\middleware\\auth.js": {"path":"C:\\Users\\Saifaldin\\Desktop\\gamers-den\\backend\\middleware\\auth.js","statementMap":{"0":{"start":{"line":1,"column":24},"end":{"line":6,"column":1}},"1":{"start":{"line":2,"column":2},"end":{"line":4,"column":3}},"2":{"start":{"line":3,"column":4},"end":{"line":3,"column":18}},"3":{"start":{"line":5,"column":2},"end":{"line":5,"column":70}},"4":{"start":{"line":8,"column":16},"end":{"line":14,"column":1}},"5":{"start":{"line":9,"column":2},"end":{"line":11,"column":3}},"6":{"start":{"line":10,"column":4},"end":{"line":10,"column":18}},"7":{"start":{"line":13,"column":2},"end":{"line":13,"column":68}},"8":{"start":{"line":16,"column":27},"end":{"line":23,"column":1}},"9":{"start":{"line":17,"column":2},"end":{"line":21,"column":3}},"10":{"start":{"line":18,"column":4},"end":{"line":20,"column":66}},"11":{"start":{"line":22,"column":2},"end":{"line":22,"column":16}},"12":{"start":{"line":25,"column":0},"end":{"line":29,"column":2}}},"fnMap":{"0":{"name":"(anonymous_0)","decl":{"start":{"line":1,"column":24},"end":{"line":1,"column":25}},"loc":{"start":{"line":1,"column":44},"end":{"line":6,"column":1}},"line":1},"1":{"name":"(anonymous_1)","decl":{"start":{"line":8,"column":16},"end":{"line":8,"column":17}},"loc":{"start":{"line":8,"column":36},"end":{"line":14,"column":1}},"line":8},"2":{"name":"(anonymous_2)","decl":{"start":{"line":16,"column":27},"end":{"line":16,"column":28}},"loc":{"start":{"line":16,"column":47},"end":{"line":23,"column":1}},"line":16}},"branchMap":{"0":{"loc":{"start":{"line":2,"column":2},"end":{"line":4,"column":3}},"type":"if","locations":[{"start":{"line":2,"column":2},"end":{"line":4,"column":3}},{"start":{},"end":{}}],"line":2},"1":{"loc":{"start":{"line":9,"column":2},"end":{"line":11,"column":3}},"type":"if","locations":[{"start":{"line":9,"column":2},"end":{"line":11,"column":3}},{"start":{},"end":{}}],"line":9},"2":{"loc":{"start":{"line":17,"column":2},"end":{"line":21,"column":3}},"type":"if","locations":[{"start":{"line":17,"column":2},"end":{"line":21,"column":3}},{"start":{},"end":{}}],"line":17}},"s":{"0":1,"1":2,"2":1,"3":1,"4":1,"5":2,"6":1,"7":1,"8":1,"9":2,"10":1,"11":1,"12":1},"f":{"0":2,"1":2,"2":2},"b":{"0":[1,1],"1":[1,1],"2":[1,1]},"_coverageSchema":"1a1c01bbd47fc00a2c39e90264f33305004495a9","hash":"df0c5b63f4e91afa77d0ab425fbc621acf6a4e37"}
,"C:\\Users\\Saifaldin\\Desktop\\gamers-den\\backend\\utils\\validators.js": {"path":"C:\\Users\\Saifaldin\\Desktop\\gamers-den\\backend\\utils\\validators.js","statementMap":{"0":{"start":{"line":1,"column":21},"end":{"line":4,"column":1}},"1":{"start":{"line":2,"column":21},"end":{"line":2,"column":49}},"2":{"start":{"line":3,"column":2},"end":{"line":3,"column":48}},"3":{"start":{"line":6,"column":24},"end":{"line":9,"column":1}},"4":{"start":{"line":7,"column":2},"end":{"line":7,"column":53}},"5":{"start":{"line":7,"column":40},"end":{"line":7,"column":53}},"6":{"start":{"line":8,"column":2},"end":{"line":8,"column":29}},"7":{"start":{"line":11,"column":22},"end":{"line":14,"column":1}},"8":{"start":{"line":12,"column":22},"end":{"line":12,"column":35}},"9":{"start":{"line":13,"column":2},"end":{"line":13,"column":51}},"10":{"start":{"line":16,"column":19},"end":{"line":33,"column":1}},"11":{"start":{"line":17,"column":2},"end":{"line":32,"column":3}},"12":{"start":{"line":18,"column":4},"end":{"line":18,"column":54}},"13":{"start":{"line":18,"column":41},"end":{"line":18,"column":54}},"14":{"start":{"line":22,"column":6},"end":{"line":22,"column":61}},"15":{"start":{"line":24,"column":6},"end":{"line":24,"column":69}},"16":{"start":{"line":26,"column":4},"end":{"line":26,"column":59}},"17":{"start":{"line":26,"column":46},"end":{"line":26,"column":59}},"18":{"start":{"line":28,"column":22},"end":{"line":28,"column":34}},"19":{"start":{"line":29,"column":4},"end":{"line":29,"column":77}},"20":{"start":{"line":31,"column":4},"end":{"line":31,"column":17}},"21":{"start":{"line":35,"column":25},"end":{"line":60,"column":1}},"22":{"start":{"line":36,"column":67},"end":{"line":36,"column":75}},"23":{"start":{"line":37,"column":17},"end":{"line":37,"column":19}},"24":{"start":{"line":38,"column":2},"end":{"line":40,"column":3}},"25":{"start":{"line":39,"column":4},"end":{"line":39,"column":48}},"26":{"start":{"line":41,"column":2},"end":{"line":43,"column":3}},"27":{"start":{"line":42,"column":4},"end":{"line":42,"column":46}},"28":{"start":{"line":44,"column":2},"end":{"line":46,"column":3}},"29":{"start":{"line":45,"column":4},"end":{"line":45,"column":45}},"30":{"start":{"line":47,"column":2},"end":{"line":50,"column":3}},"31":{"start":{"line":48,"column":4},"end":{"line":49,"column":72}},"32":{"start":{"line":51,"column":2},"end":{"line":55,"column":3}},"33":{"start":{"line":52,"column":4},"end":{"line":52,"column":48}},"34":{"start":{"line":53,"column":9},"end":{"line":55,"column":3}},"35":{"start":{"line":54,"column":4},"end":{"line":54,"column":74}},"36":{"start":{"line":56,"column":2},"end":{"line":58,"column":3}},"37":{"start":{"line":57,"column":4},"end":{"line":57,"column":56}},"38":{"start":{"line":59,"column":2},"end":{"line":59,"column":63}},"39":{"start":{"line":62,"column":25},"end":{"line":109,"column":1}},"40":{"start":{"line":63,"column":17},"end":{"line":63,"column":19}},"41":{"start":{"line":65,"column":2},"end":{"line":69,"column":3}},"42":{"start":{"line":66,"column":4},"end":{"line":66,"column":39}},"43":{"start":{"line":67,"column":9},"end":{"line":69,"column":3}},"44":{"start":{"line":68,"column":4},"end":{"line":68,"column":62}},"45":{"start":{"line":71,"column":2},"end":{"line":75,"column":3}},"46":{"start":{"line":72,"column":4},"end":{"line":72,"column":51}},"47":{"start":{"line":73,"column":9},"end":{"line":75,"column":3}},"48":{"start":{"line":74,"column":4},"end":{"line":74,"column":75}},"49":{"start":{"line":77,"column":2},"end":{"line":85,"column":3}},"50":{"start":{"line":78,"column":4},"end":{"line":78,"column":39}},"51":{"start":{"line":79,"column":9},"end":{"line":85,"column":3}},"52":{"start":{"line":84,"column":4},"end":{"line":84,"column":74}},"53":{"start":{"line":87,"column":2},"end":{"line":91,"column":3}},"54":{"start":{"line":88,"column":4},"end":{"line":88,"column":45}},"55":{"start":{"line":89,"column":9},"end":{"line":91,"column":3}},"56":{"start":{"line":90,"column":4},"end":{"line":90,"column":68}},"57":{"start":{"line":93,"column":2},"end":{"line":97,"column":3}},"58":{"start":{"line":94,"column":4},"end":{"line":94,"column":43}},"59":{"start":{"line":95,"column":9},"end":{"line":97,"column":3}},"60":{"start":{"line":96,"column":4},"end":{"line":96,"column":61}},"61":{"start":{"line":99,"column":2},"end":{"line":103,"column":3}},"62":{"start":{"line":100,"column":4},"end":{"line":102,"column":5}},"63":{"start":{"line":101,"column":6},"end":{"line":101,"column":64}},"64":{"start":{"line":105,"column":2},"end":{"line":108,"column":4}},"65":{"start":{"line":111,"column":28},"end":{"line":123,"column":1}},"66":{"start":{"line":112,"column":19},"end":{"line":112,"column":27}},"67":{"start":{"line":113,"column":21},"end":{"line":113,"column":47}},"68":{"start":{"line":115,"column":2},"end":{"line":120,"column":3}},"69":{"start":{"line":116,"column":4},"end":{"line":119,"column":7}},"70":{"start":{"line":122,"column":2},"end":{"line":122,"column":9}},"71":{"start":{"line":125,"column":29},"end":{"line":137,"column":1}},"72":{"start":{"line":126,"column":30},"end":{"line":126,"column":38}},"73":{"start":{"line":128,"column":2},"end":{"line":130,"column":3}},"74":{"start":{"line":129,"column":4},"end":{"line":129,"column":66}},"75":{"start":{"line":132,"column":2},"end":{"line":134,"column":3}},"76":{"start":{"line":133,"column":4},"end":{"line":133,"column":69}},"77":{"start":{"line":136,"column":2},"end":{"line":136,"column":9}},"78":{"start":{"line":139,"column":32},"end":{"line":151,"column":1}},"79":{"start":{"line":140,"column":19},"end":{"line":140,"column":27}},"80":{"start":{"line":141,"column":21},"end":{"line":141,"column":47}},"81":{"start":{"line":143,"column":2},"end":{"line":148,"column":3}},"82":{"start":{"line":144,"column":4},"end":{"line":147,"column":7}},"83":{"start":{"line":150,"column":2},"end":{"line":150,"column":9}},"84":{"start":{"line":153,"column":0},"end":{"line":163,"column":2}}},"fnMap":{"0":{"name":"(anonymous_0)","decl":{"start":{"line":1,"column":21},"end":{"line":1,"column":22}},"loc":{"start":{"line":1,"column":32},"end":{"line":4,"column":1}},"line":1},"1":{"name":"(anonymous_1)","decl":{"start":{"line":6,"column":24},"end":{"line":6,"column":25}},"loc":{"start":{"line":6,"column":38},"end":{"line":9,"column":1}},"line":6},"2":{"name":"(anonymous_2)","decl":{"start":{"line":11,"column":22},"end":{"line":11,"column":23}},"loc":{"start":{"line":11,"column":34},"end":{"line":14,"column":1}},"line":11},"3":{"name":"(anonymous_3)","decl":{"start":{"line":16,"column":19},"end":{"line":16,"column":20}},"loc":{"start":{"line":16,"column":28},"end":{"line":33,"column":1}},"line":16},"4":{"name":"(anonymous_4)","decl":{"start":{"line":35,"column":25},"end":{"line":35,"column":26}},"loc":{"start":{"line":35,"column":39},"end":{"line":60,"column":1}},"line":35},"5":{"name":"(anonymous_5)","decl":{"start":{"line":62,"column":25},"end":{"line":62,"column":26}},"loc":{"start":{"line":62,"column":39},"end":{"line":109,"column":1}},"line":62},"6":{"name":"(anonymous_6)","decl":{"start":{"line":111,"column":28},"end":{"line":111,"column":29}},"loc":{"start":{"line":111,"column":48},"end":{"line":123,"column":1}},"line":111},"7":{"name":"(anonymous_7)","decl":{"start":{"line":125,"column":29},"end":{"line":125,"column":30}},"loc":{"start":{"line":125,"column":49},"end":{"line":137,"column":1}},"line":125},"8":{"name":"(anonymous_8)","decl":{"start":{"line":139,"column":32},"end":{"line":139,"column":33}},"loc":{"start":{"line":139,"column":52},"end":{"line":151,"column":1}},"line":139}},"branchMap":{"0":{"loc":{"start":{"line":3,"column":9},"end":{"line":3,"column":47}},"type":"cond-expr","locations":[{"start":{"line":3,"column":17},"end":{"line":3,"column":39}},{"start":{"line":3,"column":42},"end":{"line":3,"column":47}}],"line":3},"1":{"loc":{"start":{"line":7,"column":2},"end":{"line":7,"column":53}},"type":"if","locations":[{"start":{"line":7,"column":2},"end":{"line":7,"column":53}},{"start":{},"end":{}}],"line":7},"2":{"loc":{"start":{"line":7,"column":6},"end":{"line":7,"column":38}},"type":"binary-expr","locations":[{"start":{"line":7,"column":6},"end":{"line":7,"column":15}},{"start":{"line":7,"column":19},"end":{"line":7,"column":38}}],"line":7},"3":{"loc":{"start":{"line":13,"column":9},"end":{"line":13,"column":50}},"type":"cond-expr","locations":[{"start":{"line":13,"column":18},"end":{"line":13,"column":42}},{"start":{"line":13,"column":45},"end":{"line":13,"column":50}}],"line":13},"4":{"loc":{"start":{"line":18,"column":4},"end":{"line":18,"column":54}},"type":"if","locations":[{"start":{"line":18,"column":4},"end":{"line":18,"column":54}},{"start":{},"end":{}}],"line":18},"5":{"loc":{"start":{"line":18,"column":8},"end":{"line":18,"column":39}},"type":"binary-expr","locations":[{"start":{"line":18,"column":8},"end":{"line":18,"column":12}},{"start":{"line":18,"column":16},"end":{"line":18,"column":39}}],"line":18},"6":{"loc":{"start":{"line":22,"column":6},"end":{"line":22,"column":61}},"type":"binary-expr","locations":[{"start":{"line":22,"column":6},"end":{"line":22,"column":31}},{"start":{"line":22,"column":35},"end":{"line":22,"column":61}}],"line":22},"7":{"loc":{"start":{"line":26,"column":4},"end":{"line":26,"column":59}},"type":"if","locations":[{"start":{"line":26,"column":4},"end":{"line":26,"column":59}},{"start":{},"end":{}}],"line":26},"8":{"loc":{"start":{"line":26,"column":8},"end":{"line":26,"column":44}},"type":"binary-expr","locations":[{"start":{"line":26,"column":8},"end":{"line":26,"column":25}},{"start":{"line":26,"column":29},"end":{"line":26,"column":44}}],"line":26},"9":{"loc":{"start":{"line":29,"column":11},"end":{"line":29,"column":76}},"type":"binary-expr","locations":[{"start":{"line":29,"column":11},"end":{"line":29,"column":41}},{"start":{"line":29,"column":45},"end":{"line":29,"column":76}}],"line":29},"10":{"loc":{"start":{"line":38,"column":2},"end":{"line":40,"column":3}},"type":"if","locations":[{"start":{"line":38,"column":2},"end":{"line":40,"column":3}},{"start":{},"end":{}}],"line":38},"11":{"loc":{"start":{"line":38,"column":6},"end":{"line":38,"column":43}},"type":"binary-expr","locations":[{"start":{"line":38,"column":6},"end":{"line":38,"column":16}},{"start":{"line":38,"column":20},"end":{"line":38,"column":43}}],"line":38},"12":{"loc":{"start":{"line":41,"column":2},"end":{"line":43,"column":3}},"type":"if","locations":[{"start":{"line":41,"column":2},"end":{"line":43,"column":3}},{"start":{},"end":{}}],"line":41},"13":{"loc":{"start":{"line":41,"column":6},"end":{"line":41,"column":41}},"type":"binary-expr","locations":[{"start":{"line":41,"column":6},"end":{"line":41,"column":15}},{"start":{"line":41,"column":19},"end":{"line":41,"column":41}}],"line":41},"14":{"loc":{"start":{"line":44,"column":2},"end":{"line":46,"column":3}},"type":"if","locations":[{"start":{"line":44,"column":2},"end":{"line":46,"column":3}},{"start":{},"end":{}}],"line":44},"15":{"loc":{"start":{"line":44,"column":6},"end":{"line":44,"column":36}},"type":"binary-expr","locations":[{"start":{"line":44,"column":6},"end":{"line":44,"column":12}},{"start":{"line":44,"column":16},"end":{"line":44,"column":36}}],"line":44},"16":{"loc":{"start":{"line":47,"column":2},"end":{"line":50,"column":3}},"type":"if","locations":[{"start":{"line":47,"column":2},"end":{"line":50,"column":3}},{"start":{},"end":{}}],"line":47},"17":{"loc":{"start":{"line":47,"column":6},"end":{"line":47,"column":45}},"type":"binary-expr","locations":[{"start":{"line":47,"column":6},"end":{"line":47,"column":15}},{"start":{"line":47,"column":19},"end":{"line":47,"column":45}}],"line":47},"18":{"loc":{"start":{"line":51,"column":2},"end":{"line":55,"column":3}},"type":"if","locations":[{"start":{"line":51,"column":2},"end":{"line":55,"column":3}},{"start":{"line":53,"column":9},"end":{"line":55,"column":3}}],"line":51},"19":{"loc":{"start":{"line":53,"column":9},"end":{"line":55,"column":3}},"type":"if","locations":[{"start":{"line":53,"column":9},"end":{"line":55,"column":3}},{"start":{},"end":{}}],"line":53},"20":{"loc":{"start":{"line":56,"column":2},"end":{"line":58,"column":3}},"type":"if","locations":[{"start":{"line":56,"column":2},"end":{"line":58,"column":3}},{"start":{},"end":{}}],"line":56},"21":{"loc":{"start":{"line":56,"column":6},"end":{"line":56,"column":53}},"type":"binary-expr","locations":[{"start":{"line":56,"column":6},"end":{"line":56,"column":13}},{"start":{"line":56,"column":17},"end":{"line":56,"column":53}}],"line":56},"22":{"loc":{"start":{"line":65,"column":2},"end":{"line":69,"column":3}},"type":"if","locations":[{"start":{"line":65,"column":2},"end":{"line":69,"column":3}},{"start":{"line":67,"column":9},"end":{"line":69,"column":3}}],"line":65},"23":{"loc":{"start":{"line":67,"column":9},"end":{"line":69,"column":3}},"type":"if","locations":[{"start":{"line":67,"column":9},"end":{"line":69,"column":3}},{"start":{},"end":{}}],"line":67},"24":{"loc":{"start":{"line":71,"column":2},"end":{"line":75,"column":3}},"type":"if","locations":[{"start":{"line":71,"column":2},"end":{"line":75,"column":3}},{"start":{"line":73,"column":9},"end":{"line":75,"column":3}}],"line":71},"25":{"loc":{"start":{"line":73,"column":9},"end":{"line":75,"column":3}},"type":"if","locations":[{"start":{"line":73,"column":9},"end":{"line":75,"column":3}},{"start":{},"end":{}}],"line":73},"26":{"loc":{"start":{"line":77,"column":2},"end":{"line":85,"column":3}},"type":"if","locations":[{"start":{"line":77,"column":2},"end":{"line":85,"column":3}},{"start":{"line":79,"column":9},"end":{"line":85,"column":3}}],"line":77},"27":{"loc":{"start":{"line":77,"column":6},"end":{"line":77,"column":45}},"type":"binary-expr","locations":[{"start":{"line":77,"column":6},"end":{"line":77,"column":21}},{"start":{"line":77,"column":25},"end":{"line":77,"column":45}}],"line":77},"28":{"loc":{"start":{"line":79,"column":9},"end":{"line":85,"column":3}},"type":"if","locations":[{"start":{"line":79,"column":9},"end":{"line":85,"column":3}},{"start":{},"end":{}}],"line":79},"29":{"loc":{"start":{"line":80,"column":4},"end":{"line":82,"column":28}},"type":"binary-expr","locations":[{"start":{"line":80,"column":4},"end":{"line":80,"column":25}},{"start":{"line":81,"column":4},"end":{"line":81,"column":22}},{"start":{"line":82,"column":4},"end":{"line":82,"column":28}}],"line":80},"30":{"loc":{"start":{"line":87,"column":2},"end":{"line":91,"column":3}},"type":"if","locations":[{"start":{"line":87,"column":2},"end":{"line":91,"column":3}},{"start":{"line":89,"column":9},"end":{"line":91,"column":3}}],"line":87},"31":{"loc":{"start":{"line":89,"column":9},"end":{"line":91,"column":3}},"type":"if","locations":[{"start":{"line":89,"column":9},"end":{"line":91,"column":3}},{"start":{},"end":{}}],"line":89},"32":{"loc":{"start":{"line":93,"column":2},"end":{"line":97,"column":3}},"type":"if","locations":[{"start":{"line":93,"column":2},"end":{"line":97,"column":3}},{"start":{"line":95,"column":9},"end":{"line":97,"column":3}}],"line":93},"33":{"loc":{"start":{"line":95,"column":9},"end":{"line":97,"column":3}},"type":"if","locations":[{"start":{"line":95,"column":9},"end":{"line":97,"column":3}},{"start":{},"end":{}}],"line":95},"34":{"loc":{"start":{"line":99,"column":2},"end":{"line":103,"column":3}},"type":"if","locations":[{"start":{"line":99,"column":2},"end":{"line":103,"column":3}},{"start":{},"end":{}}],"line":99},"35":{"loc":{"start":{"line":99,"column":6},"end":{"line":99,"column":63}},"type":"binary-expr","locations":[{"start":{"line":99,"column":6},"end":{"line":99,"column":35}},{"start":{"line":99,"column":39},"end":{"line":99,"column":63}}],"line":99},"36":{"loc":{"start":{"line":100,"column":4},"end":{"line":102,"column":5}},"type":"if","locations":[{"start":{"line":100,"column":4},"end":{"line":102,"column":5}},{"start":{},"end":{}}],"line":100},"37":{"loc":{"start":{"line":100,"column":8},"end":{"line":100,"column":76}},"type":"binary-expr","locations":[{"start":{"line":100,"column":8},"end":{"line":100,"column":30}},{"start":{"line":100,"column":34},"end":{"line":100,"column":53}},{"start":{"line":100,"column":57},"end":{"line":100,"column":76}}],"line":100},"38":{"loc":{"start":{"line":115,"column":2},"end":{"line":120,"column":3}},"type":"if","locations":[{"start":{"line":115,"column":2},"end":{"line":120,"column":3}},{"start":{},"end":{}}],"line":115},"39":{"loc":{"start":{"line":128,"column":2},"end":{"line":130,"column":3}},"type":"if","locations":[{"start":{"line":128,"column":2},"end":{"line":130,"column":3}},{"start":{},"end":{}}],"line":128},"40":{"loc":{"start":{"line":132,"column":2},"end":{"line":134,"column":3}},"type":"if","locations":[{"start":{"line":132,"column":2},"end":{"line":134,"column":3}},{"start":{},"end":{}}],"line":132},"41":{"loc":{"start":{"line":143,"column":2},"end":{"line":148,"column":3}},"type":"if","locations":[{"start":{"line":143,"column":2},"end":{"line":148,"column":3}},{"start":{},"end":{}}],"line":143}},"s":{"0":1,"1":16,"2":16,"3":1,"4":14,"5":6,"6":8,"7":1,"8":15,"9":15,"10":1,"11":21,"12":21,"13":3,"14":18,"15":18,"16":18,"17":9,"18":9,"19":8,"20":1,"21":1,"22":6,"23":6,"24":6,"25":2,"26":6,"27":1,"28":6,"29":2,"30":6,"31":2,"32":6,"33":1,"34":5,"35":2,"36":6,"37":3,"38":6,"39":1,"40":8,"41":8,"42":1,"43":7,"44":2,"45":8,"46":1,"47":7,"48":2,"49":8,"50":1,"51":7,"52":2,"53":8,"54":1,"55":7,"56":2,"57":8,"58":1,"59":7,"60":2,"61":8,"62":2,"63":1,"64":8,"65":1,"66":2,"67":2,"68":2,"69":1,"70":1,"71":1,"72":3,"73":3,"74":1,"75":2,"76":1,"77":1,"78":1,"79":2,"80":2,"81":2,"82":1,"83":1,"84":1},"f":{"0":16,"1":14,"2":15,"3":21,"4":6,"5":8,"6":2,"7":3,"8":2},"b":{"0":[13,3],"1":[6,8],"2":[14,11],"3":[12,3],"4":[3,18],"5":[21,18],"6":[18,14],"7":[9,9],"8":[18,12],"9":[8,7],"10":[2,4],"11":[6,4],"12":[1,5],"13":[6,5],"14":[2,4],"15":[6,6],"16":[2,4],"17":[6,6],"18":[1,5],"19":[2,3],"20":[3,3],"21":[6,5],"22":[1,7],"23":[2,5],"24":[1,7],"25":[2,5],"26":[1,7],"27":[8,2],"28":[2,5],"29":[7,7,5],"30":[1,7],"31":[2,5],"32":[1,7],"33":[2,5],"34":[2,6],"35":[8,2],"36":[1,1],"37":[2,2,2],"38":[1,1],"39":[1,2],"40":[1,1],"41":[1,1]},"_coverageSchema":"1a1c01bbd47fc00a2c39e90264f33305004495a9","hash":"195f13b4a0731083d4e5c16a2c45b90ab16f5e93"}
}
