{"C:\\Users\\Saifaldin\\Desktop\\gamers-den\\backend\\server.js": {"path":"C:\\Users\\Saifaldin\\Desktop\\gamers-den\\backend\\server.js","statementMap":{"0":{"start":{"line":1,"column":16},"end":{"line":1,"column":34}},"1":{"start":{"line":2,"column":13},"end":{"line":2,"column":28}},"2":{"start":{"line":3,"column":16},"end":{"line":3,"column":42}},"3":{"start":{"line":4,"column":22},"end":{"line":4,"column":43}},"4":{"start":{"line":5,"column":23},"end":{"line":5,"column":62}},"5":{"start":{"line":6,"column":23},"end":{"line":6,"column":62}},"6":{"start":{"line":11,"column":4},"end":{"line":11,"column":32}},"7":{"start":{"line":16,"column":4},"end":{"line":16,"column":33}},"8":{"start":{"line":18,"column":13},"end":{"line":18,"column":17}},"9":{"start":{"line":20,"column":0},"end":{"line":20,"column":12}},"10":{"start":{"line":22,"column":12},"end":{"line":22,"column":21}},"11":{"start":{"line":24,"column":0},"end":{"line":29,"column":2}},"12":{"start":{"line":31,"column":0},"end":{"line":31,"column":24}},"13":{"start":{"line":33,"column":0},"end":{"line":40,"column":2}},"14":{"start":{"line":42,"column":0},"end":{"line":47,"column":2}},"15":{"start":{"line":48,"column":0},"end":{"line":53,"column":2}},"16":{"start":{"line":54,"column":0},"end":{"line":54,"column":68}},"17":{"start":{"line":55,"column":0},"end":{"line":55,"column":65}},"18":{"start":{"line":57,"column":0},"end":{"line":57,"column":46}},"19":{"start":{"line":58,"column":0},"end":{"line":64,"column":2}},"20":{"start":{"line":65,"column":0},"end":{"line":65,"column":50}},"21":{"start":{"line":66,"column":0},"end":{"line":72,"column":2}},"22":{"start":{"line":73,"column":0},"end":{"line":73,"column":78}},"23":{"start":{"line":75,"column":0},"end":{"line":77,"column":3}},"24":{"start":{"line":76,"column":2},"end":{"line":76,"column":63}},"25":{"start":{"line":79,"column":0},"end":{"line":79,"column":25}}},"fnMap":{"0":{"name":"(anonymous_0)","decl":{"start":{"line":75,"column":17},"end":{"line":75,"column":18}},"loc":{"start":{"line":75,"column":23},"end":{"line":77,"column":1}},"line":75}},"branchMap":{},"s":{"0":2,"1":2,"2":2,"3":2,"4":2,"5":2,"6":2,"7":2,"8":2,"9":2,"10":2,"11":2,"12":2,"13":2,"14":2,"15":2,"16":2,"17":2,"18":2,"19":2,"20":2,"21":2,"22":2,"23":2,"24":2,"25":2},"f":{"0":2},"b":{},"_coverageSchema":"1a1c01bbd47fc00a2c39e90264f33305004495a9","hash":"0ad067ea736714b12c5f03c9be6793d726dd5f6e"}
,"C:\\Users\\Saifaldin\\Desktop\\gamers-den\\backend\\controllers\\authController.js": {"path":"C:\\Users\\Saifaldin\\Desktop\\gamers-den\\backend\\controllers\\authController.js","statementMap":{"0":{"start":{"line":1,"column":15},"end":{"line":1,"column":32}},"1":{"start":{"line":2,"column":13},"end":{"line":2,"column":38}},"2":{"start":{"line":4,"column":17},"end":{"line":39,"column":1}},"3":{"start":{"line":5,"column":2},"end":{"line":38,"column":3}},"4":{"start":{"line":6,"column":21},"end":{"line":6,"column":29}},"5":{"start":{"line":7,"column":69},"end":{"line":7,"column":77}},"6":{"start":{"line":8,"column":32},"end":{"line":8,"column":61}},"7":{"start":{"line":9,"column":4},"end":{"line":13,"column":5}},"8":{"start":{"line":10,"column":6},"end":{"line":12,"column":66}},"9":{"start":{"line":14,"column":33},"end":{"line":14,"column":63}},"10":{"start":{"line":15,"column":4},"end":{"line":19,"column":5}},"11":{"start":{"line":16,"column":6},"end":{"line":18,"column":74}},"12":{"start":{"line":20,"column":27},"end":{"line":20,"column":58}},"13":{"start":{"line":21,"column":17},"end":{"line":29,"column":6}},"14":{"start":{"line":30,"column":4},"end":{"line":34,"column":5}},"15":{"start":{"line":31,"column":6},"end":{"line":33,"column":65}},"16":{"start":{"line":35,"column":4},"end":{"line":35,"column":67}},"17":{"start":{"line":37,"column":4},"end":{"line":37,"column":76}},"18":{"start":{"line":41,"column":14},"end":{"line":66,"column":1}},"19":{"start":{"line":42,"column":2},"end":{"line":65,"column":3}},"20":{"start":{"line":43,"column":32},"end":{"line":43,"column":40}},"21":{"start":{"line":44,"column":17},"end":{"line":44,"column":46}},"22":{"start":{"line":45,"column":4},"end":{"line":47,"column":5}},"23":{"start":{"line":46,"column":6},"end":{"line":46,"column":65}},"24":{"start":{"line":48,"column":28},"end":{"line":48,"column":73}},"25":{"start":{"line":49,"column":4},"end":{"line":51,"column":5}},"26":{"start":{"line":50,"column":6},"end":{"line":50,"column":67}},"27":{"start":{"line":52,"column":21},"end":{"line":60,"column":5}},"28":{"start":{"line":61,"column":4},"end":{"line":61,"column":32}},"29":{"start":{"line":62,"column":4},"end":{"line":62,"column":74}},"30":{"start":{"line":64,"column":4},"end":{"line":64,"column":76}},"31":{"start":{"line":68,"column":23},"end":{"line":74,"column":1}},"32":{"start":{"line":69,"column":2},"end":{"line":73,"column":3}},"33":{"start":{"line":70,"column":4},"end":{"line":70,"column":31}},"34":{"start":{"line":72,"column":4},"end":{"line":72,"column":65}},"35":{"start":{"line":76,"column":15},"end":{"line":84,"column":1}},"36":{"start":{"line":77,"column":2},"end":{"line":83,"column":5}},"37":{"start":{"line":78,"column":4},"end":{"line":80,"column":5}},"38":{"start":{"line":79,"column":6},"end":{"line":79,"column":68}},"39":{"start":{"line":81,"column":4},"end":{"line":81,"column":35}},"40":{"start":{"line":82,"column":4},"end":{"line":82,"column":65}},"41":{"start":{"line":86,"column":0},"end":{"line":91,"column":2}}},"fnMap":{"0":{"name":"(anonymous_0)","decl":{"start":{"line":4,"column":17},"end":{"line":4,"column":18}},"loc":{"start":{"line":4,"column":37},"end":{"line":39,"column":1}},"line":4},"1":{"name":"(anonymous_1)","decl":{"start":{"line":41,"column":14},"end":{"line":41,"column":15}},"loc":{"start":{"line":41,"column":34},"end":{"line":66,"column":1}},"line":41},"2":{"name":"(anonymous_2)","decl":{"start":{"line":68,"column":23},"end":{"line":68,"column":24}},"loc":{"start":{"line":68,"column":37},"end":{"line":74,"column":1}},"line":68},"3":{"name":"(anonymous_3)","decl":{"start":{"line":76,"column":15},"end":{"line":76,"column":16}},"loc":{"start":{"line":76,"column":29},"end":{"line":84,"column":1}},"line":76},"4":{"name":"(anonymous_4)","decl":{"start":{"line":77,"column":22},"end":{"line":77,"column":23}},"loc":{"start":{"line":77,"column":31},"end":{"line":83,"column":3}},"line":77}},"branchMap":{"0":{"loc":{"start":{"line":9,"column":4},"end":{"line":13,"column":5}},"type":"if","locations":[{"start":{"line":9,"column":4},"end":{"line":13,"column":5}},{"start":{},"end":{}}],"line":9},"1":{"loc":{"start":{"line":15,"column":4},"end":{"line":19,"column":5}},"type":"if","locations":[{"start":{"line":15,"column":4},"end":{"line":19,"column":5}},{"start":{},"end":{}}],"line":15},"2":{"loc":{"start":{"line":30,"column":4},"end":{"line":34,"column":5}},"type":"if","locations":[{"start":{"line":30,"column":4},"end":{"line":34,"column":5}},{"start":{},"end":{}}],"line":30},"3":{"loc":{"start":{"line":45,"column":4},"end":{"line":47,"column":5}},"type":"if","locations":[{"start":{"line":45,"column":4},"end":{"line":47,"column":5}},{"start":{},"end":{}}],"line":45},"4":{"loc":{"start":{"line":49,"column":4},"end":{"line":51,"column":5}},"type":"if","locations":[{"start":{"line":49,"column":4},"end":{"line":51,"column":5}},{"start":{},"end":{}}],"line":49},"5":{"loc":{"start":{"line":69,"column":2},"end":{"line":73,"column":3}},"type":"if","locations":[{"start":{"line":69,"column":2},"end":{"line":73,"column":3}},{"start":{"line":71,"column":9},"end":{"line":73,"column":3}}],"line":69},"6":{"loc":{"start":{"line":78,"column":4},"end":{"line":80,"column":5}},"type":"if","locations":[{"start":{"line":78,"column":4},"end":{"line":80,"column":5}},{"start":{},"end":{}}],"line":78}},"s":{"0":2,"1":2,"2":2,"3":5,"4":5,"5":5,"6":5,"7":5,"8":1,"9":4,"10":4,"11":1,"12":3,"13":3,"14":3,"15":0,"16":3,"17":0,"18":2,"19":12,"20":12,"21":12,"22":12,"23":1,"24":11,"25":11,"26":1,"27":10,"28":10,"29":10,"30":0,"31":2,"32":1,"33":1,"34":0,"35":2,"36":1,"37":1,"38":0,"39":1,"40":1,"41":2},"f":{"0":5,"1":12,"2":1,"3":1,"4":1},"b":{"0":[1,4],"1":[1,3],"2":[0,3],"3":[1,11],"4":[1,10],"5":[1,0],"6":[0,1]},"_coverageSchema":"1a1c01bbd47fc00a2c39e90264f33305004495a9","hash":"9344a4cd8da85840daca303223ee8b4bf4f9507c"}
,"C:\\Users\\Saifaldin\\Desktop\\gamers-den\\backend\\controllers\\gameController.js": {"path":"C:\\Users\\Saifaldin\\Desktop\\gamers-den\\backend\\controllers\\gameController.js","statementMap":{"0":{"start":{"line":1,"column":13},"end":{"line":1,"column":38}},"1":{"start":{"line":3,"column":20},"end":{"line":10,"column":1}},"2":{"start":{"line":4,"column":2},"end":{"line":9,"column":3}},"3":{"start":{"line":5,"column":18},"end":{"line":5,"column":35}},"4":{"start":{"line":6,"column":4},"end":{"line":6,"column":36}},"5":{"start":{"line":8,"column":4},"end":{"line":8,"column":76}},"6":{"start":{"line":12,"column":19},"end":{"line":27,"column":1}},"7":{"start":{"line":13,"column":2},"end":{"line":26,"column":3}},"8":{"start":{"line":14,"column":21},"end":{"line":14,"column":29}},"9":{"start":{"line":16,"column":17},"end":{"line":16,"column":44}},"10":{"start":{"line":18,"column":4},"end":{"line":20,"column":5}},"11":{"start":{"line":19,"column":6},"end":{"line":19,"column":67}},"12":{"start":{"line":22,"column":4},"end":{"line":22,"column":73}},"13":{"start":{"line":24,"column":4},"end":{"line":24,"column":49}},"14":{"start":{"line":25,"column":4},"end":{"line":25,"column":76}},"15":{"start":{"line":29,"column":20},"end":{"line":42,"column":1}},"16":{"start":{"line":30,"column":2},"end":{"line":41,"column":3}},"17":{"start":{"line":31,"column":19},"end":{"line":31,"column":29}},"18":{"start":{"line":32,"column":17},"end":{"line":32,"column":40}},"19":{"start":{"line":34,"column":4},"end":{"line":36,"column":5}},"20":{"start":{"line":35,"column":6},"end":{"line":35,"column":65}},"21":{"start":{"line":38,"column":4},"end":{"line":38,"column":35}},"22":{"start":{"line":40,"column":4},"end":{"line":40,"column":76}},"23":{"start":{"line":44,"column":19},"end":{"line":60,"column":1}},"24":{"start":{"line":45,"column":2},"end":{"line":59,"column":3}},"25":{"start":{"line":46,"column":19},"end":{"line":46,"column":29}},"26":{"start":{"line":47,"column":21},"end":{"line":47,"column":29}},"27":{"start":{"line":49,"column":17},"end":{"line":49,"column":74}},"28":{"start":{"line":51,"column":4},"end":{"line":53,"column":5}},"29":{"start":{"line":52,"column":6},"end":{"line":52,"column":65}},"30":{"start":{"line":55,"column":4},"end":{"line":55,"column":73}},"31":{"start":{"line":57,"column":4},"end":{"line":57,"column":49}},"32":{"start":{"line":58,"column":4},"end":{"line":58,"column":76}},"33":{"start":{"line":62,"column":19},"end":{"line":75,"column":1}},"34":{"start":{"line":63,"column":2},"end":{"line":74,"column":3}},"35":{"start":{"line":64,"column":19},"end":{"line":64,"column":29}},"36":{"start":{"line":65,"column":17},"end":{"line":65,"column":49}},"37":{"start":{"line":67,"column":4},"end":{"line":69,"column":5}},"38":{"start":{"line":68,"column":6},"end":{"line":68,"column":65}},"39":{"start":{"line":71,"column":4},"end":{"line":71,"column":67}},"40":{"start":{"line":73,"column":4},"end":{"line":73,"column":76}},"41":{"start":{"line":77,"column":0},"end":{"line":83,"column":2}}},"fnMap":{"0":{"name":"(anonymous_0)","decl":{"start":{"line":3,"column":20},"end":{"line":3,"column":21}},"loc":{"start":{"line":3,"column":40},"end":{"line":10,"column":1}},"line":3},"1":{"name":"(anonymous_1)","decl":{"start":{"line":12,"column":19},"end":{"line":12,"column":20}},"loc":{"start":{"line":12,"column":39},"end":{"line":27,"column":1}},"line":12},"2":{"name":"(anonymous_2)","decl":{"start":{"line":29,"column":20},"end":{"line":29,"column":21}},"loc":{"start":{"line":29,"column":40},"end":{"line":42,"column":1}},"line":29},"3":{"name":"(anonymous_3)","decl":{"start":{"line":44,"column":19},"end":{"line":44,"column":20}},"loc":{"start":{"line":44,"column":39},"end":{"line":60,"column":1}},"line":44},"4":{"name":"(anonymous_4)","decl":{"start":{"line":62,"column":19},"end":{"line":62,"column":20}},"loc":{"start":{"line":62,"column":39},"end":{"line":75,"column":1}},"line":62}},"branchMap":{"0":{"loc":{"start":{"line":18,"column":4},"end":{"line":20,"column":5}},"type":"if","locations":[{"start":{"line":18,"column":4},"end":{"line":20,"column":5}},{"start":{},"end":{}}],"line":18},"1":{"loc":{"start":{"line":34,"column":4},"end":{"line":36,"column":5}},"type":"if","locations":[{"start":{"line":34,"column":4},"end":{"line":36,"column":5}},{"start":{},"end":{}}],"line":34},"2":{"loc":{"start":{"line":51,"column":4},"end":{"line":53,"column":5}},"type":"if","locations":[{"start":{"line":51,"column":4},"end":{"line":53,"column":5}},{"start":{},"end":{}}],"line":51},"3":{"loc":{"start":{"line":67,"column":4},"end":{"line":69,"column":5}},"type":"if","locations":[{"start":{"line":67,"column":4},"end":{"line":69,"column":5}},{"start":{},"end":{}}],"line":67}},"s":{"0":2,"1":2,"2":2,"3":2,"4":2,"5":0,"6":2,"7":1,"8":1,"9":1,"10":1,"11":0,"12":1,"13":0,"14":0,"15":2,"16":3,"17":3,"18":3,"19":2,"20":1,"21":1,"22":1,"23":2,"24":2,"25":2,"26":2,"27":2,"28":2,"29":1,"30":1,"31":0,"32":0,"33":2,"34":2,"35":2,"36":2,"37":2,"38":1,"39":1,"40":0,"41":2},"f":{"0":2,"1":1,"2":3,"3":2,"4":2},"b":{"0":[0,1],"1":[1,1],"2":[1,1],"3":[1,1]},"_coverageSchema":"1a1c01bbd47fc00a2c39e90264f33305004495a9","hash":"a12726818cf1bb56faa98526c08db5899fca5a27"}
,"C:\\Users\\Saifaldin\\Desktop\\gamers-den\\backend\\middleware\\auth.js": {"path":"C:\\Users\\Saifaldin\\Desktop\\gamers-den\\backend\\middleware\\auth.js","statementMap":{"0":{"start":{"line":1,"column":24},"end":{"line":6,"column":1}},"1":{"start":{"line":2,"column":2},"end":{"line":4,"column":3}},"2":{"start":{"line":3,"column":4},"end":{"line":3,"column":18}},"3":{"start":{"line":5,"column":2},"end":{"line":5,"column":70}},"4":{"start":{"line":8,"column":16},"end":{"line":14,"column":1}},"5":{"start":{"line":9,"column":2},"end":{"line":11,"column":3}},"6":{"start":{"line":10,"column":4},"end":{"line":10,"column":18}},"7":{"start":{"line":13,"column":2},"end":{"line":13,"column":68}},"8":{"start":{"line":16,"column":27},"end":{"line":23,"column":1}},"9":{"start":{"line":17,"column":2},"end":{"line":21,"column":3}},"10":{"start":{"line":18,"column":4},"end":{"line":20,"column":66}},"11":{"start":{"line":22,"column":2},"end":{"line":22,"column":16}},"12":{"start":{"line":25,"column":0},"end":{"line":29,"column":2}}},"fnMap":{"0":{"name":"(anonymous_0)","decl":{"start":{"line":1,"column":24},"end":{"line":1,"column":25}},"loc":{"start":{"line":1,"column":44},"end":{"line":6,"column":1}},"line":1},"1":{"name":"(anonymous_1)","decl":{"start":{"line":8,"column":16},"end":{"line":8,"column":17}},"loc":{"start":{"line":8,"column":36},"end":{"line":14,"column":1}},"line":8},"2":{"name":"(anonymous_2)","decl":{"start":{"line":16,"column":27},"end":{"line":16,"column":28}},"loc":{"start":{"line":16,"column":47},"end":{"line":23,"column":1}},"line":16}},"branchMap":{"0":{"loc":{"start":{"line":2,"column":2},"end":{"line":4,"column":3}},"type":"if","locations":[{"start":{"line":2,"column":2},"end":{"line":4,"column":3}},{"start":{},"end":{}}],"line":2},"1":{"loc":{"start":{"line":9,"column":2},"end":{"line":11,"column":3}},"type":"if","locations":[{"start":{"line":9,"column":2},"end":{"line":11,"column":3}},{"start":{},"end":{}}],"line":9},"2":{"loc":{"start":{"line":17,"column":2},"end":{"line":21,"column":3}},"type":"if","locations":[{"start":{"line":17,"column":2},"end":{"line":21,"column":3}},{"start":{},"end":{}}],"line":17}},"s":{"0":3,"1":13,"2":8,"3":5,"4":3,"5":7,"6":6,"7":1,"8":3,"9":20,"10":1,"11":19,"12":3},"f":{"0":13,"1":7,"2":20},"b":{"0":[8,5],"1":[6,1],"2":[1,19]},"_coverageSchema":"1a1c01bbd47fc00a2c39e90264f33305004495a9","hash":"df0c5b63f4e91afa77d0ab425fbc621acf6a4e37"}
,"C:\\Users\\Saifaldin\\Desktop\\gamers-den\\backend\\models\\Game.js": {"path":"C:\\Users\\Saifaldin\\Desktop\\gamers-den\\backend\\models\\Game.js","statementMap":{"0":{"start":{"line":1,"column":17},"end":{"line":1,"column":36}},"1":{"start":{"line":3,"column":19},"end":{"line":10,"column":2}},"2":{"start":{"line":12,"column":0},"end":{"line":12,"column":52}}},"fnMap":{},"branchMap":{},"s":{"0":2,"1":2,"2":2},"f":{},"b":{},"_coverageSchema":"1a1c01bbd47fc00a2c39e90264f33305004495a9","hash":"26a57562450ca0828e530d3fb7fe2db7b090c67d"}
,"C:\\Users\\Saifaldin\\Desktop\\gamers-den\\backend\\models\\User.js": {"path":"C:\\Users\\Saifaldin\\Desktop\\gamers-den\\backend\\models\\User.js","statementMap":{"0":{"start":{"line":1,"column":17},"end":{"line":1,"column":36}},"1":{"start":{"line":3,"column":19},"end":{"line":15,"column":2}},"2":{"start":{"line":17,"column":0},"end":{"line":17,"column":52}}},"fnMap":{},"branchMap":{},"s":{"0":2,"1":2,"2":2},"f":{},"b":{},"_coverageSchema":"1a1c01bbd47fc00a2c39e90264f33305004495a9","hash":"de39b4b18f6944c55c0a8c4af9126e2befea00b2"}
,"C:\\Users\\Saifaldin\\Desktop\\gamers-den\\backend\\utils\\db.js": {"path":"C:\\Users\\Saifaldin\\Desktop\\gamers-den\\backend\\utils\\db.js","statementMap":{"0":{"start":{"line":1,"column":17},"end":{"line":1,"column":36}},"1":{"start":{"line":3,"column":20},"end":{"line":3,"column":58}},"2":{"start":{"line":5,"column":18},"end":{"line":15,"column":1}},"3":{"start":{"line":6,"column":2},"end":{"line":14,"column":3}},"4":{"start":{"line":7,"column":4},"end":{"line":9,"column":5}},"5":{"start":{"line":8,"column":6},"end":{"line":8,"column":13}},"6":{"start":{"line":10,"column":4},"end":{"line":10,"column":40}},"7":{"start":{"line":11,"column":4},"end":{"line":11,"column":40}},"8":{"start":{"line":13,"column":4},"end":{"line":13,"column":65}},"9":{"start":{"line":17,"column":21},"end":{"line":24,"column":1}},"10":{"start":{"line":18,"column":2},"end":{"line":23,"column":3}},"11":{"start":{"line":19,"column":4},"end":{"line":19,"column":38}},"12":{"start":{"line":20,"column":4},"end":{"line":20,"column":45}},"13":{"start":{"line":22,"column":4},"end":{"line":22,"column":70}},"14":{"start":{"line":26,"column":0},"end":{"line":29,"column":2}}},"fnMap":{"0":{"name":"(anonymous_0)","decl":{"start":{"line":5,"column":18},"end":{"line":5,"column":19}},"loc":{"start":{"line":5,"column":30},"end":{"line":15,"column":1}},"line":5},"1":{"name":"(anonymous_1)","decl":{"start":{"line":17,"column":21},"end":{"line":17,"column":22}},"loc":{"start":{"line":17,"column":33},"end":{"line":24,"column":1}},"line":17}},"branchMap":{"0":{"loc":{"start":{"line":7,"column":4},"end":{"line":9,"column":5}},"type":"if","locations":[{"start":{"line":7,"column":4},"end":{"line":9,"column":5}},{"start":{},"end":{}}],"line":7}},"s":{"0":3,"1":3,"2":3,"3":4,"4":4,"5":2,"6":2,"7":2,"8":0,"9":3,"10":4,"11":4,"12":4,"13":0,"14":3},"f":{"0":4,"1":4},"b":{"0":[2,2]},"_coverageSchema":"1a1c01bbd47fc00a2c39e90264f33305004495a9","hash":"b3c7159499423327788bccbda37bb52df8a99570"}
,"C:\\Users\\Saifaldin\\Desktop\\gamers-den\\backend\\utils\\validators.js": {"path":"C:\\Users\\Saifaldin\\Desktop\\gamers-den\\backend\\utils\\validators.js","statementMap":{"0":{"start":{"line":1,"column":21},"end":{"line":4,"column":1}},"1":{"start":{"line":2,"column":21},"end":{"line":2,"column":49}},"2":{"start":{"line":3,"column":2},"end":{"line":3,"column":48}},"3":{"start":{"line":6,"column":24},"end":{"line":9,"column":1}},"4":{"start":{"line":7,"column":2},"end":{"line":7,"column":53}},"5":{"start":{"line":7,"column":40},"end":{"line":7,"column":53}},"6":{"start":{"line":8,"column":2},"end":{"line":8,"column":29}},"7":{"start":{"line":11,"column":22},"end":{"line":14,"column":1}},"8":{"start":{"line":12,"column":22},"end":{"line":12,"column":35}},"9":{"start":{"line":13,"column":2},"end":{"line":13,"column":51}},"10":{"start":{"line":16,"column":19},"end":{"line":32,"column":1}},"11":{"start":{"line":17,"column":2},"end":{"line":31,"column":3}},"12":{"start":{"line":18,"column":4},"end":{"line":18,"column":54}},"13":{"start":{"line":18,"column":41},"end":{"line":18,"column":54}},"14":{"start":{"line":21,"column":6},"end":{"line":21,"column":61}},"15":{"start":{"line":23,"column":6},"end":{"line":23,"column":69}},"16":{"start":{"line":25,"column":4},"end":{"line":25,"column":59}},"17":{"start":{"line":25,"column":46},"end":{"line":25,"column":59}},"18":{"start":{"line":27,"column":22},"end":{"line":27,"column":34}},"19":{"start":{"line":28,"column":4},"end":{"line":28,"column":77}},"20":{"start":{"line":30,"column":4},"end":{"line":30,"column":17}},"21":{"start":{"line":34,"column":25},"end":{"line":59,"column":1}},"22":{"start":{"line":35,"column":67},"end":{"line":35,"column":75}},"23":{"start":{"line":36,"column":17},"end":{"line":36,"column":19}},"24":{"start":{"line":37,"column":2},"end":{"line":39,"column":3}},"25":{"start":{"line":38,"column":4},"end":{"line":38,"column":48}},"26":{"start":{"line":40,"column":2},"end":{"line":42,"column":3}},"27":{"start":{"line":41,"column":4},"end":{"line":41,"column":46}},"28":{"start":{"line":43,"column":2},"end":{"line":45,"column":3}},"29":{"start":{"line":44,"column":4},"end":{"line":44,"column":45}},"30":{"start":{"line":46,"column":2},"end":{"line":49,"column":3}},"31":{"start":{"line":47,"column":4},"end":{"line":48,"column":72}},"32":{"start":{"line":50,"column":2},"end":{"line":54,"column":3}},"33":{"start":{"line":51,"column":4},"end":{"line":51,"column":48}},"34":{"start":{"line":52,"column":9},"end":{"line":54,"column":3}},"35":{"start":{"line":53,"column":4},"end":{"line":53,"column":74}},"36":{"start":{"line":55,"column":2},"end":{"line":57,"column":3}},"37":{"start":{"line":56,"column":4},"end":{"line":56,"column":56}},"38":{"start":{"line":58,"column":2},"end":{"line":58,"column":63}},"39":{"start":{"line":61,"column":25},"end":{"line":108,"column":1}},"40":{"start":{"line":62,"column":17},"end":{"line":62,"column":19}},"41":{"start":{"line":64,"column":2},"end":{"line":68,"column":3}},"42":{"start":{"line":65,"column":4},"end":{"line":65,"column":39}},"43":{"start":{"line":66,"column":9},"end":{"line":68,"column":3}},"44":{"start":{"line":67,"column":4},"end":{"line":67,"column":62}},"45":{"start":{"line":70,"column":2},"end":{"line":74,"column":3}},"46":{"start":{"line":71,"column":4},"end":{"line":71,"column":51}},"47":{"start":{"line":72,"column":9},"end":{"line":74,"column":3}},"48":{"start":{"line":73,"column":4},"end":{"line":73,"column":75}},"49":{"start":{"line":76,"column":2},"end":{"line":84,"column":3}},"50":{"start":{"line":77,"column":4},"end":{"line":77,"column":39}},"51":{"start":{"line":78,"column":9},"end":{"line":84,"column":3}},"52":{"start":{"line":83,"column":4},"end":{"line":83,"column":74}},"53":{"start":{"line":86,"column":2},"end":{"line":90,"column":3}},"54":{"start":{"line":87,"column":4},"end":{"line":87,"column":45}},"55":{"start":{"line":88,"column":9},"end":{"line":90,"column":3}},"56":{"start":{"line":89,"column":4},"end":{"line":89,"column":68}},"57":{"start":{"line":92,"column":2},"end":{"line":96,"column":3}},"58":{"start":{"line":93,"column":4},"end":{"line":93,"column":43}},"59":{"start":{"line":94,"column":9},"end":{"line":96,"column":3}},"60":{"start":{"line":95,"column":4},"end":{"line":95,"column":61}},"61":{"start":{"line":98,"column":2},"end":{"line":102,"column":3}},"62":{"start":{"line":99,"column":4},"end":{"line":101,"column":5}},"63":{"start":{"line":100,"column":6},"end":{"line":100,"column":64}},"64":{"start":{"line":104,"column":2},"end":{"line":107,"column":4}},"65":{"start":{"line":110,"column":28},"end":{"line":122,"column":1}},"66":{"start":{"line":111,"column":19},"end":{"line":111,"column":27}},"67":{"start":{"line":112,"column":21},"end":{"line":112,"column":47}},"68":{"start":{"line":114,"column":2},"end":{"line":119,"column":3}},"69":{"start":{"line":115,"column":4},"end":{"line":118,"column":7}},"70":{"start":{"line":121,"column":2},"end":{"line":121,"column":9}},"71":{"start":{"line":124,"column":29},"end":{"line":136,"column":1}},"72":{"start":{"line":125,"column":30},"end":{"line":125,"column":38}},"73":{"start":{"line":127,"column":2},"end":{"line":129,"column":3}},"74":{"start":{"line":128,"column":4},"end":{"line":128,"column":66}},"75":{"start":{"line":131,"column":2},"end":{"line":133,"column":3}},"76":{"start":{"line":132,"column":4},"end":{"line":132,"column":69}},"77":{"start":{"line":135,"column":2},"end":{"line":135,"column":9}},"78":{"start":{"line":138,"column":32},"end":{"line":150,"column":1}},"79":{"start":{"line":139,"column":19},"end":{"line":139,"column":27}},"80":{"start":{"line":140,"column":21},"end":{"line":140,"column":47}},"81":{"start":{"line":142,"column":2},"end":{"line":147,"column":3}},"82":{"start":{"line":143,"column":4},"end":{"line":146,"column":7}},"83":{"start":{"line":149,"column":2},"end":{"line":149,"column":9}},"84":{"start":{"line":152,"column":0},"end":{"line":162,"column":2}}},"fnMap":{"0":{"name":"(anonymous_0)","decl":{"start":{"line":1,"column":21},"end":{"line":1,"column":22}},"loc":{"start":{"line":1,"column":32},"end":{"line":4,"column":1}},"line":1},"1":{"name":"(anonymous_1)","decl":{"start":{"line":6,"column":24},"end":{"line":6,"column":25}},"loc":{"start":{"line":6,"column":38},"end":{"line":9,"column":1}},"line":6},"2":{"name":"(anonymous_2)","decl":{"start":{"line":11,"column":22},"end":{"line":11,"column":23}},"loc":{"start":{"line":11,"column":34},"end":{"line":14,"column":1}},"line":11},"3":{"name":"(anonymous_3)","decl":{"start":{"line":16,"column":19},"end":{"line":16,"column":20}},"loc":{"start":{"line":16,"column":28},"end":{"line":32,"column":1}},"line":16},"4":{"name":"(anonymous_4)","decl":{"start":{"line":34,"column":25},"end":{"line":34,"column":26}},"loc":{"start":{"line":34,"column":39},"end":{"line":59,"column":1}},"line":34},"5":{"name":"(anonymous_5)","decl":{"start":{"line":61,"column":25},"end":{"line":61,"column":26}},"loc":{"start":{"line":61,"column":39},"end":{"line":108,"column":1}},"line":61},"6":{"name":"(anonymous_6)","decl":{"start":{"line":110,"column":28},"end":{"line":110,"column":29}},"loc":{"start":{"line":110,"column":48},"end":{"line":122,"column":1}},"line":110},"7":{"name":"(anonymous_7)","decl":{"start":{"line":124,"column":29},"end":{"line":124,"column":30}},"loc":{"start":{"line":124,"column":49},"end":{"line":136,"column":1}},"line":124},"8":{"name":"(anonymous_8)","decl":{"start":{"line":138,"column":32},"end":{"line":138,"column":33}},"loc":{"start":{"line":138,"column":52},"end":{"line":150,"column":1}},"line":138}},"branchMap":{"0":{"loc":{"start":{"line":3,"column":9},"end":{"line":3,"column":47}},"type":"cond-expr","locations":[{"start":{"line":3,"column":17},"end":{"line":3,"column":39}},{"start":{"line":3,"column":42},"end":{"line":3,"column":47}}],"line":3},"1":{"loc":{"start":{"line":7,"column":2},"end":{"line":7,"column":53}},"type":"if","locations":[{"start":{"line":7,"column":2},"end":{"line":7,"column":53}},{"start":{},"end":{}}],"line":7},"2":{"loc":{"start":{"line":7,"column":6},"end":{"line":7,"column":38}},"type":"binary-expr","locations":[{"start":{"line":7,"column":6},"end":{"line":7,"column":15}},{"start":{"line":7,"column":19},"end":{"line":7,"column":38}}],"line":7},"3":{"loc":{"start":{"line":13,"column":9},"end":{"line":13,"column":50}},"type":"cond-expr","locations":[{"start":{"line":13,"column":18},"end":{"line":13,"column":42}},{"start":{"line":13,"column":45},"end":{"line":13,"column":50}}],"line":13},"4":{"loc":{"start":{"line":18,"column":4},"end":{"line":18,"column":54}},"type":"if","locations":[{"start":{"line":18,"column":4},"end":{"line":18,"column":54}},{"start":{},"end":{}}],"line":18},"5":{"loc":{"start":{"line":18,"column":8},"end":{"line":18,"column":39}},"type":"binary-expr","locations":[{"start":{"line":18,"column":8},"end":{"line":18,"column":12}},{"start":{"line":18,"column":16},"end":{"line":18,"column":39}}],"line":18},"6":{"loc":{"start":{"line":21,"column":6},"end":{"line":21,"column":61}},"type":"binary-expr","locations":[{"start":{"line":21,"column":6},"end":{"line":21,"column":31}},{"start":{"line":21,"column":35},"end":{"line":21,"column":61}}],"line":21},"7":{"loc":{"start":{"line":25,"column":4},"end":{"line":25,"column":59}},"type":"if","locations":[{"start":{"line":25,"column":4},"end":{"line":25,"column":59}},{"start":{},"end":{}}],"line":25},"8":{"loc":{"start":{"line":25,"column":8},"end":{"line":25,"column":44}},"type":"binary-expr","locations":[{"start":{"line":25,"column":8},"end":{"line":25,"column":25}},{"start":{"line":25,"column":29},"end":{"line":25,"column":44}}],"line":25},"9":{"loc":{"start":{"line":28,"column":11},"end":{"line":28,"column":76}},"type":"binary-expr","locations":[{"start":{"line":28,"column":11},"end":{"line":28,"column":41}},{"start":{"line":28,"column":45},"end":{"line":28,"column":76}}],"line":28},"10":{"loc":{"start":{"line":37,"column":2},"end":{"line":39,"column":3}},"type":"if","locations":[{"start":{"line":37,"column":2},"end":{"line":39,"column":3}},{"start":{},"end":{}}],"line":37},"11":{"loc":{"start":{"line":37,"column":6},"end":{"line":37,"column":43}},"type":"binary-expr","locations":[{"start":{"line":37,"column":6},"end":{"line":37,"column":16}},{"start":{"line":37,"column":20},"end":{"line":37,"column":43}}],"line":37},"12":{"loc":{"start":{"line":40,"column":2},"end":{"line":42,"column":3}},"type":"if","locations":[{"start":{"line":40,"column":2},"end":{"line":42,"column":3}},{"start":{},"end":{}}],"line":40},"13":{"loc":{"start":{"line":40,"column":6},"end":{"line":40,"column":41}},"type":"binary-expr","locations":[{"start":{"line":40,"column":6},"end":{"line":40,"column":15}},{"start":{"line":40,"column":19},"end":{"line":40,"column":41}}],"line":40},"14":{"loc":{"start":{"line":43,"column":2},"end":{"line":45,"column":3}},"type":"if","locations":[{"start":{"line":43,"column":2},"end":{"line":45,"column":3}},{"start":{},"end":{}}],"line":43},"15":{"loc":{"start":{"line":43,"column":6},"end":{"line":43,"column":36}},"type":"binary-expr","locations":[{"start":{"line":43,"column":6},"end":{"line":43,"column":12}},{"start":{"line":43,"column":16},"end":{"line":43,"column":36}}],"line":43},"16":{"loc":{"start":{"line":46,"column":2},"end":{"line":49,"column":3}},"type":"if","locations":[{"start":{"line":46,"column":2},"end":{"line":49,"column":3}},{"start":{},"end":{}}],"line":46},"17":{"loc":{"start":{"line":46,"column":6},"end":{"line":46,"column":45}},"type":"binary-expr","locations":[{"start":{"line":46,"column":6},"end":{"line":46,"column":15}},{"start":{"line":46,"column":19},"end":{"line":46,"column":45}}],"line":46},"18":{"loc":{"start":{"line":50,"column":2},"end":{"line":54,"column":3}},"type":"if","locations":[{"start":{"line":50,"column":2},"end":{"line":54,"column":3}},{"start":{"line":52,"column":9},"end":{"line":54,"column":3}}],"line":50},"19":{"loc":{"start":{"line":52,"column":9},"end":{"line":54,"column":3}},"type":"if","locations":[{"start":{"line":52,"column":9},"end":{"line":54,"column":3}},{"start":{},"end":{}}],"line":52},"20":{"loc":{"start":{"line":55,"column":2},"end":{"line":57,"column":3}},"type":"if","locations":[{"start":{"line":55,"column":2},"end":{"line":57,"column":3}},{"start":{},"end":{}}],"line":55},"21":{"loc":{"start":{"line":55,"column":6},"end":{"line":55,"column":53}},"type":"binary-expr","locations":[{"start":{"line":55,"column":6},"end":{"line":55,"column":13}},{"start":{"line":55,"column":17},"end":{"line":55,"column":53}}],"line":55},"22":{"loc":{"start":{"line":64,"column":2},"end":{"line":68,"column":3}},"type":"if","locations":[{"start":{"line":64,"column":2},"end":{"line":68,"column":3}},{"start":{"line":66,"column":9},"end":{"line":68,"column":3}}],"line":64},"23":{"loc":{"start":{"line":66,"column":9},"end":{"line":68,"column":3}},"type":"if","locations":[{"start":{"line":66,"column":9},"end":{"line":68,"column":3}},{"start":{},"end":{}}],"line":66},"24":{"loc":{"start":{"line":70,"column":2},"end":{"line":74,"column":3}},"type":"if","locations":[{"start":{"line":70,"column":2},"end":{"line":74,"column":3}},{"start":{"line":72,"column":9},"end":{"line":74,"column":3}}],"line":70},"25":{"loc":{"start":{"line":72,"column":9},"end":{"line":74,"column":3}},"type":"if","locations":[{"start":{"line":72,"column":9},"end":{"line":74,"column":3}},{"start":{},"end":{}}],"line":72},"26":{"loc":{"start":{"line":76,"column":2},"end":{"line":84,"column":3}},"type":"if","locations":[{"start":{"line":76,"column":2},"end":{"line":84,"column":3}},{"start":{"line":78,"column":9},"end":{"line":84,"column":3}}],"line":76},"27":{"loc":{"start":{"line":76,"column":6},"end":{"line":76,"column":45}},"type":"binary-expr","locations":[{"start":{"line":76,"column":6},"end":{"line":76,"column":21}},{"start":{"line":76,"column":25},"end":{"line":76,"column":45}}],"line":76},"28":{"loc":{"start":{"line":78,"column":9},"end":{"line":84,"column":3}},"type":"if","locations":[{"start":{"line":78,"column":9},"end":{"line":84,"column":3}},{"start":{},"end":{}}],"line":78},"29":{"loc":{"start":{"line":79,"column":4},"end":{"line":81,"column":28}},"type":"binary-expr","locations":[{"start":{"line":79,"column":4},"end":{"line":79,"column":25}},{"start":{"line":80,"column":4},"end":{"line":80,"column":22}},{"start":{"line":81,"column":4},"end":{"line":81,"column":28}}],"line":79},"30":{"loc":{"start":{"line":86,"column":2},"end":{"line":90,"column":3}},"type":"if","locations":[{"start":{"line":86,"column":2},"end":{"line":90,"column":3}},{"start":{"line":88,"column":9},"end":{"line":90,"column":3}}],"line":86},"31":{"loc":{"start":{"line":88,"column":9},"end":{"line":90,"column":3}},"type":"if","locations":[{"start":{"line":88,"column":9},"end":{"line":90,"column":3}},{"start":{},"end":{}}],"line":88},"32":{"loc":{"start":{"line":92,"column":2},"end":{"line":96,"column":3}},"type":"if","locations":[{"start":{"line":92,"column":2},"end":{"line":96,"column":3}},{"start":{"line":94,"column":9},"end":{"line":96,"column":3}}],"line":92},"33":{"loc":{"start":{"line":94,"column":9},"end":{"line":96,"column":3}},"type":"if","locations":[{"start":{"line":94,"column":9},"end":{"line":96,"column":3}},{"start":{},"end":{}}],"line":94},"34":{"loc":{"start":{"line":98,"column":2},"end":{"line":102,"column":3}},"type":"if","locations":[{"start":{"line":98,"column":2},"end":{"line":102,"column":3}},{"start":{},"end":{}}],"line":98},"35":{"loc":{"start":{"line":98,"column":6},"end":{"line":98,"column":63}},"type":"binary-expr","locations":[{"start":{"line":98,"column":6},"end":{"line":98,"column":35}},{"start":{"line":98,"column":39},"end":{"line":98,"column":63}}],"line":98},"36":{"loc":{"start":{"line":99,"column":4},"end":{"line":101,"column":5}},"type":"if","locations":[{"start":{"line":99,"column":4},"end":{"line":101,"column":5}},{"start":{},"end":{}}],"line":99},"37":{"loc":{"start":{"line":99,"column":8},"end":{"line":99,"column":76}},"type":"binary-expr","locations":[{"start":{"line":99,"column":8},"end":{"line":99,"column":30}},{"start":{"line":99,"column":34},"end":{"line":99,"column":53}},{"start":{"line":99,"column":57},"end":{"line":99,"column":76}}],"line":99},"38":{"loc":{"start":{"line":114,"column":2},"end":{"line":119,"column":3}},"type":"if","locations":[{"start":{"line":114,"column":2},"end":{"line":119,"column":3}},{"start":{},"end":{}}],"line":114},"39":{"loc":{"start":{"line":127,"column":2},"end":{"line":129,"column":3}},"type":"if","locations":[{"start":{"line":127,"column":2},"end":{"line":129,"column":3}},{"start":{},"end":{}}],"line":127},"40":{"loc":{"start":{"line":131,"column":2},"end":{"line":133,"column":3}},"type":"if","locations":[{"start":{"line":131,"column":2},"end":{"line":133,"column":3}},{"start":{},"end":{}}],"line":131},"41":{"loc":{"start":{"line":142,"column":2},"end":{"line":147,"column":3}},"type":"if","locations":[{"start":{"line":142,"column":2},"end":{"line":147,"column":3}},{"start":{},"end":{}}],"line":142}},"s":{"0":3,"1":22,"2":22,"3":3,"4":19,"5":6,"6":13,"7":3,"8":21,"9":21,"10":3,"11":24,"12":24,"13":3,"14":21,"15":21,"16":21,"17":9,"18":12,"19":11,"20":1,"21":3,"22":12,"23":12,"24":12,"25":2,"26":12,"27":1,"28":12,"29":2,"30":12,"31":3,"32":12,"33":1,"34":11,"35":2,"36":12,"37":3,"38":12,"39":3,"40":11,"41":11,"42":1,"43":10,"44":2,"45":11,"46":1,"47":10,"48":2,"49":11,"50":1,"51":10,"52":2,"53":11,"54":1,"55":10,"56":2,"57":11,"58":1,"59":10,"60":2,"61":11,"62":4,"63":1,"64":11,"65":3,"66":5,"67":5,"68":5,"69":1,"70":4,"71":3,"72":15,"73":15,"74":1,"75":14,"76":1,"77":13,"78":3,"79":8,"80":8,"81":8,"82":2,"83":6,"84":3},"f":{"0":22,"1":19,"2":21,"3":24,"4":12,"5":11,"6":5,"7":15,"8":8},"b":{"0":[19,3],"1":[6,13],"2":[19,16],"3":[18,3],"4":[3,21],"5":[24,21],"6":[21,17],"7":[9,12],"8":[21,15],"9":[11,10],"10":[2,10],"11":[12,10],"12":[1,11],"13":[12,11],"14":[2,10],"15":[12,12],"16":[3,9],"17":[12,11],"18":[1,11],"19":[2,9],"20":[3,9],"21":[12,11],"22":[1,10],"23":[2,8],"24":[1,10],"25":[2,8],"26":[1,10],"27":[11,2],"28":[2,8],"29":[10,10,8],"30":[1,10],"31":[2,8],"32":[1,10],"33":[2,8],"34":[4,7],"35":[11,4],"36":[1,3],"37":[4,4,4],"38":[1,4],"39":[1,14],"40":[1,13],"41":[2,6]},"_coverageSchema":"1a1c01bbd47fc00a2c39e90264f33305004495a9","hash":"0dc732f1da29e89cc44a8ff1a229b956d6fd8152"}
}
