TN:
SF:middleware\auth.js
FN:1,(anonymous_0)
FN:8,(anonymous_1)
FN:16,(anonymous_2)
FNF:3
FNH:3
FNDA:2,(anonymous_0)
FNDA:2,(anonymous_1)
FNDA:2,(anonymous_2)
DA:1,1
DA:2,2
DA:3,1
DA:5,1
DA:8,1
DA:9,2
DA:10,1
DA:13,1
DA:16,1
DA:17,2
DA:18,1
DA:22,1
DA:25,1
LF:13
LH:13
BRDA:2,0,0,1
BRDA:2,0,1,1
BRDA:9,1,0,1
BRDA:9,1,1,1
BRDA:17,2,0,1
BRDA:17,2,1,1
BRF:6
BRH:6
end_of_record
TN:
SF:utils\validators.js
FN:1,(anonymous_0)
FN:6,(anonymous_1)
FN:11,(anonymous_2)
FN:16,(anonymous_3)
FN:35,(anonymous_4)
FN:62,(anonymous_5)
FN:111,(anonymous_6)
FN:125,(anonymous_7)
FN:139,(anonymous_8)
FNF:9
FNH:9
FNDA:16,(anonymous_0)
FNDA:14,(anonymous_1)
FNDA:15,(anonymous_2)
FNDA:21,(anonymous_3)
FNDA:6,(anonymous_4)
FNDA:8,(anonymous_5)
FNDA:2,(anonymous_6)
FNDA:3,(anonymous_7)
FNDA:2,(anonymous_8)
DA:1,1
DA:2,16
DA:3,16
DA:6,1
DA:7,14
DA:8,8
DA:11,1
DA:12,15
DA:13,15
DA:16,1
DA:17,21
DA:18,21
DA:22,18
DA:24,18
DA:26,18
DA:28,9
DA:29,8
DA:31,1
DA:35,1
DA:36,6
DA:37,6
DA:38,6
DA:39,2
DA:41,6
DA:42,1
DA:44,6
DA:45,2
DA:47,6
DA:48,2
DA:51,6
DA:52,1
DA:53,5
DA:54,2
DA:56,6
DA:57,3
DA:59,6
DA:62,1
DA:63,8
DA:65,8
DA:66,1
DA:67,7
DA:68,2
DA:71,8
DA:72,1
DA:73,7
DA:74,2
DA:77,8
DA:78,1
DA:79,7
DA:84,2
DA:87,8
DA:88,1
DA:89,7
DA:90,2
DA:93,8
DA:94,1
DA:95,7
DA:96,2
DA:99,8
DA:100,2
DA:101,1
DA:105,8
DA:111,1
DA:112,2
DA:113,2
DA:115,2
DA:116,1
DA:122,1
DA:125,1
DA:126,3
DA:128,3
DA:129,1
DA:132,2
DA:133,1
DA:136,1
DA:139,1
DA:140,2
DA:141,2
DA:143,2
DA:144,1
DA:150,1
DA:153,1
LF:82
LH:82
BRDA:3,0,0,13
BRDA:3,0,1,3
BRDA:7,1,0,6
BRDA:7,1,1,8
BRDA:7,2,0,14
BRDA:7,2,1,11
BRDA:13,3,0,12
BRDA:13,3,1,3
BRDA:18,4,0,3
BRDA:18,4,1,18
BRDA:18,5,0,21
BRDA:18,5,1,18
BRDA:22,6,0,18
BRDA:22,6,1,14
BRDA:26,7,0,9
BRDA:26,7,1,9
BRDA:26,8,0,18
BRDA:26,8,1,12
BRDA:29,9,0,8
BRDA:29,9,1,7
BRDA:38,10,0,2
BRDA:38,10,1,4
BRDA:38,11,0,6
BRDA:38,11,1,4
BRDA:41,12,0,1
BRDA:41,12,1,5
BRDA:41,13,0,6
BRDA:41,13,1,5
BRDA:44,14,0,2
BRDA:44,14,1,4
BRDA:44,15,0,6
BRDA:44,15,1,6
BRDA:47,16,0,2
BRDA:47,16,1,4
BRDA:47,17,0,6
BRDA:47,17,1,6
BRDA:51,18,0,1
BRDA:51,18,1,5
BRDA:53,19,0,2
BRDA:53,19,1,3
BRDA:56,20,0,3
BRDA:56,20,1,3
BRDA:56,21,0,6
BRDA:56,21,1,5
BRDA:65,22,0,1
BRDA:65,22,1,7
BRDA:67,23,0,2
BRDA:67,23,1,5
BRDA:71,24,0,1
BRDA:71,24,1,7
BRDA:73,25,0,2
BRDA:73,25,1,5
BRDA:77,26,0,1
BRDA:77,26,1,7
BRDA:77,27,0,8
BRDA:77,27,1,2
BRDA:79,28,0,2
BRDA:79,28,1,5
BRDA:80,29,0,7
BRDA:80,29,1,7
BRDA:80,29,2,5
BRDA:87,30,0,1
BRDA:87,30,1,7
BRDA:89,31,0,2
BRDA:89,31,1,5
BRDA:93,32,0,1
BRDA:93,32,1,7
BRDA:95,33,0,2
BRDA:95,33,1,5
BRDA:99,34,0,2
BRDA:99,34,1,6
BRDA:99,35,0,8
BRDA:99,35,1,2
BRDA:100,36,0,1
BRDA:100,36,1,1
BRDA:100,37,0,2
BRDA:100,37,1,2
BRDA:100,37,2,2
BRDA:115,38,0,1
BRDA:115,38,1,1
BRDA:128,39,0,1
BRDA:128,39,1,2
BRDA:132,40,0,1
BRDA:132,40,1,1
BRDA:143,41,0,1
BRDA:143,41,1,1
BRF:86
BRH:86
end_of_record
