TN:
SF:server.js
FN:75,(anonymous_0)
FNF:1
FNH:1
FNDA:2,(anonymous_0)
DA:1,2
DA:2,2
DA:3,2
DA:4,2
DA:5,2
DA:6,2
DA:11,2
DA:16,2
DA:18,2
DA:20,2
DA:22,2
DA:24,2
DA:31,2
DA:33,2
DA:42,2
DA:48,2
DA:54,2
DA:55,2
DA:57,2
DA:58,2
DA:65,2
DA:66,2
DA:73,2
DA:75,2
DA:76,2
DA:79,2
LF:26
LH:26
BRF:0
BRH:0
end_of_record
TN:
SF:controllers\authController.js
FN:4,(anonymous_0)
FN:41,(anonymous_1)
FN:68,(anonymous_2)
FN:76,(anonymous_3)
FN:77,(anonymous_4)
FNF:5
FNH:5
FNDA:5,(anonymous_0)
FNDA:12,(anonymous_1)
FNDA:1,(anonymous_2)
FNDA:1,(anonymous_3)
FNDA:1,(anonymous_4)
DA:1,2
DA:2,2
DA:4,2
DA:5,5
DA:6,5
DA:7,5
DA:8,5
DA:9,5
DA:10,1
DA:14,4
DA:15,4
DA:16,1
DA:20,3
DA:21,3
DA:30,3
DA:31,0
DA:35,3
DA:37,0
DA:41,2
DA:42,12
DA:43,12
DA:44,12
DA:45,12
DA:46,1
DA:48,11
DA:49,11
DA:50,1
DA:52,10
DA:61,10
DA:62,10
DA:64,0
DA:68,2
DA:69,1
DA:70,1
DA:72,0
DA:76,2
DA:77,1
DA:78,1
DA:79,0
DA:81,1
DA:82,1
DA:86,2
LF:42
LH:37
BRDA:9,0,0,1
BRDA:9,0,1,4
BRDA:15,1,0,1
BRDA:15,1,1,3
BRDA:30,2,0,0
BRDA:30,2,1,3
BRDA:45,3,0,1
BRDA:45,3,1,11
BRDA:49,4,0,1
BRDA:49,4,1,10
BRDA:69,5,0,1
BRDA:69,5,1,0
BRDA:78,6,0,0
BRDA:78,6,1,1
BRF:14
BRH:11
end_of_record
TN:
SF:controllers\gameController.js
FN:3,(anonymous_0)
FN:12,(anonymous_1)
FN:29,(anonymous_2)
FN:44,(anonymous_3)
FN:62,(anonymous_4)
FNF:5
FNH:5
FNDA:557,(anonymous_0)
FNDA:1,(anonymous_1)
FNDA:3,(anonymous_2)
FNDA:2,(anonymous_3)
FNDA:2,(anonymous_4)
DA:1,2
DA:3,2
DA:4,557
DA:5,557
DA:6,533
DA:8,24
DA:12,2
DA:13,1
DA:14,1
DA:16,1
DA:18,1
DA:19,0
DA:22,1
DA:24,0
DA:25,0
DA:29,2
DA:30,3
DA:31,3
DA:32,3
DA:34,2
DA:35,1
DA:38,1
DA:40,1
DA:44,2
DA:45,2
DA:46,2
DA:47,2
DA:49,2
DA:51,2
DA:52,1
DA:55,1
DA:57,0
DA:58,0
DA:62,2
DA:63,2
DA:64,2
DA:65,2
DA:67,2
DA:68,1
DA:71,1
DA:73,0
DA:77,2
LF:42
LH:36
BRDA:18,0,0,0
BRDA:18,0,1,1
BRDA:34,1,0,1
BRDA:34,1,1,1
BRDA:51,2,0,1
BRDA:51,2,1,1
BRDA:67,3,0,1
BRDA:67,3,1,1
BRF:8
BRH:7
end_of_record
TN:
SF:middleware\auth.js
FN:1,(anonymous_0)
FN:8,(anonymous_1)
FN:16,(anonymous_2)
FNF:3
FNH:3
FNDA:13,(anonymous_0)
FNDA:7,(anonymous_1)
FNDA:20,(anonymous_2)
DA:1,3
DA:2,13
DA:3,8
DA:5,5
DA:8,3
DA:9,7
DA:10,6
DA:13,1
DA:16,3
DA:17,20
DA:18,1
DA:22,19
DA:25,3
LF:13
LH:13
BRDA:2,0,0,8
BRDA:2,0,1,5
BRDA:9,1,0,6
BRDA:9,1,1,1
BRDA:17,2,0,1
BRDA:17,2,1,19
BRF:6
BRH:6
end_of_record
TN:
SF:models\Game.js
FNF:0
FNH:0
DA:1,2
DA:3,2
DA:12,2
LF:3
LH:3
BRF:0
BRH:0
end_of_record
TN:
SF:models\User.js
FNF:0
FNH:0
DA:1,3
DA:3,3
DA:17,3
LF:3
LH:3
BRF:0
BRH:0
end_of_record
TN:
SF:utils\db.js
FN:5,(anonymous_0)
FN:17,(anonymous_1)
FNF:2
FNH:2
FNDA:4,(anonymous_0)
FNDA:4,(anonymous_1)
DA:1,3
DA:3,3
DA:5,3
DA:6,4
DA:7,4
DA:8,2
DA:10,2
DA:11,2
DA:13,0
DA:17,3
DA:18,4
DA:19,4
DA:20,4
DA:22,0
DA:26,3
LF:15
LH:13
BRDA:7,0,0,2
BRDA:7,0,1,2
BRF:2
BRH:2
end_of_record
TN:
SF:utils\validators.js
FN:1,(anonymous_0)
FN:6,(anonymous_1)
FN:11,(anonymous_2)
FN:16,(anonymous_3)
FN:34,(anonymous_4)
FN:61,(anonymous_5)
FN:110,(anonymous_6)
FN:124,(anonymous_7)
FN:138,(anonymous_8)
FNF:9
FNH:9
FNDA:22,(anonymous_0)
FNDA:19,(anonymous_1)
FNDA:21,(anonymous_2)
FNDA:24,(anonymous_3)
FNDA:12,(anonymous_4)
FNDA:11,(anonymous_5)
FNDA:5,(anonymous_6)
FNDA:15,(anonymous_7)
FNDA:8,(anonymous_8)
DA:1,3
DA:2,22
DA:3,22
DA:6,3
DA:7,19
DA:8,13
DA:11,3
DA:12,21
DA:13,21
DA:16,3
DA:17,24
DA:18,24
DA:21,21
DA:23,21
DA:25,21
DA:27,12
DA:28,11
DA:30,1
DA:34,3
DA:35,12
DA:36,12
DA:37,12
DA:38,2
DA:40,12
DA:41,1
DA:43,12
DA:44,2
DA:46,12
DA:47,3
DA:50,12
DA:51,1
DA:52,11
DA:53,2
DA:55,12
DA:56,3
DA:58,12
DA:61,3
DA:62,11
DA:64,11
DA:65,1
DA:66,10
DA:67,2
DA:70,11
DA:71,1
DA:72,10
DA:73,2
DA:76,11
DA:77,1
DA:78,10
DA:83,2
DA:86,11
DA:87,1
DA:88,10
DA:89,2
DA:92,11
DA:93,1
DA:94,10
DA:95,2
DA:98,11
DA:99,4
DA:100,1
DA:104,11
DA:110,3
DA:111,5
DA:112,5
DA:114,5
DA:115,1
DA:121,4
DA:124,3
DA:125,15
DA:127,15
DA:128,1
DA:131,14
DA:132,1
DA:135,13
DA:138,3
DA:139,8
DA:140,8
DA:142,8
DA:143,2
DA:149,6
DA:152,3
LF:82
LH:82
BRDA:3,0,0,19
BRDA:3,0,1,3
BRDA:7,1,0,6
BRDA:7,1,1,13
BRDA:7,2,0,19
BRDA:7,2,1,16
BRDA:13,3,0,18
BRDA:13,3,1,3
BRDA:18,4,0,3
BRDA:18,4,1,21
BRDA:18,5,0,24
BRDA:18,5,1,21
BRDA:21,6,0,21
BRDA:21,6,1,17
BRDA:25,7,0,9
BRDA:25,7,1,12
BRDA:25,8,0,21
BRDA:25,8,1,15
BRDA:28,9,0,11
BRDA:28,9,1,10
BRDA:37,10,0,2
BRDA:37,10,1,10
BRDA:37,11,0,12
BRDA:37,11,1,10
BRDA:40,12,0,1
BRDA:40,12,1,11
BRDA:40,13,0,12
BRDA:40,13,1,11
BRDA:43,14,0,2
BRDA:43,14,1,10
BRDA:43,15,0,12
BRDA:43,15,1,12
BRDA:46,16,0,3
BRDA:46,16,1,9
BRDA:46,17,0,12
BRDA:46,17,1,11
BRDA:50,18,0,1
BRDA:50,18,1,11
BRDA:52,19,0,2
BRDA:52,19,1,9
BRDA:55,20,0,3
BRDA:55,20,1,9
BRDA:55,21,0,12
BRDA:55,21,1,11
BRDA:64,22,0,1
BRDA:64,22,1,10
BRDA:66,23,0,2
BRDA:66,23,1,8
BRDA:70,24,0,1
BRDA:70,24,1,10
BRDA:72,25,0,2
BRDA:72,25,1,8
BRDA:76,26,0,1
BRDA:76,26,1,10
BRDA:76,27,0,11
BRDA:76,27,1,2
BRDA:78,28,0,2
BRDA:78,28,1,8
BRDA:79,29,0,10
BRDA:79,29,1,10
BRDA:79,29,2,8
BRDA:86,30,0,1
BRDA:86,30,1,10
BRDA:88,31,0,2
BRDA:88,31,1,8
BRDA:92,32,0,1
BRDA:92,32,1,10
BRDA:94,33,0,2
BRDA:94,33,1,8
BRDA:98,34,0,4
BRDA:98,34,1,7
BRDA:98,35,0,11
BRDA:98,35,1,4
BRDA:99,36,0,1
BRDA:99,36,1,3
BRDA:99,37,0,4
BRDA:99,37,1,4
BRDA:99,37,2,4
BRDA:114,38,0,1
BRDA:114,38,1,4
BRDA:127,39,0,1
BRDA:127,39,1,14
BRDA:131,40,0,1
BRDA:131,40,1,13
BRDA:142,41,0,2
BRDA:142,41,1,6
BRF:86
BRH:86
end_of_record
